<?xml version="1.0" encoding="UTF-8"?>
<!-- Generated by org.testng.reporters.JUnitReportReporter -->
<testsuite hostname="ELECEED" failures="0" tests="1" name="restassuredTests.DemoGetRequest" time="3.842" errors="0" timestamp="2024-05-21T21:04:30 IST" skipped="0">
  <testcase classname="restassuredTests.DemoGetRequest" name="getDogBreedDetails" time="3.842"/>
</testsuite> <!-- restassuredTests.DemoGetRequest -->
